<?xml version="1.0" encoding="UTF-8"?>
<!-- Generated by org.testng.reporters.JUnitXMLReporter -->
<testsuite hostname="NDI-LAP-840" ignored="6" name="Test" tests="7" failures="6" timestamp="2021-05-18T19:51:38 IST" time="119.055" errors="0">
  <testcase name="login" time="11.06" classname="autodemo.tests.loginpagetest"/>
  <testcase name="addproduct" time="0.004" classname="autodemo.tests.AddProductTest">
    <failure type="java.lang.NullPointerException">
      <![CDATA[java.lang.NullPointerException
at autodemo.tests.AddProductTest.addproduct(AddProductTest.java:17)
at java.util.ArrayList.forEach(Unknown Source)
... Removed 27 stack frames]]>
    </failure>
  </testcase> <!-- addproduct -->
  <testcase name="createproduct" time="0.002" classname="autodemo.tests.createproducttest">
    <failure type="java.lang.NullPointerException">
      <![CDATA[java.lang.NullPointerException
at autodemo.tests.createproducttest.createproduct(createproducttest.java:17)
at java.util.ArrayList.forEach(Unknown Source)
... Removed 27 stack frames]]>
    </failure>
  </testcase> <!-- createproduct -->
  <testcase name="engageproductdetails" time="0.002" classname="autodemo.tests.engageproductdetailstest">
    <failure type="java.lang.NullPointerException">
      <![CDATA[java.lang.NullPointerException
at autodemo.tests.engageproductdetailstest.engageproductdetails(engageproductdetailstest.java:19)
at java.util.ArrayList.forEach(Unknown Source)
... Removed 27 stack frames]]>
    </failure>
  </testcase> <!-- engageproductdetails -->
  <testcase name="cancel" time="0.002" classname="autodemo.tests.otherdetailstest">
    <failure type="java.lang.NullPointerException">
      <![CDATA[java.lang.NullPointerException
at autodemo.tests.otherdetailstest.cancel(otherdetailstest.java:23)
at java.util.ArrayList.forEach(Unknown Source)
... Removed 27 stack frames]]>
    </failure>
  </testcase> <!-- cancel -->
  <testcase name="productdetails" time="0.002" classname="autodemo.tests.productdetailstest">
    <failure type="java.lang.NullPointerException">
      <![CDATA[java.lang.NullPointerException
at autodemo.tests.productdetailstest.productdetails(productdetailstest.java:24)
at java.util.ArrayList.forEach(Unknown Source)
... Removed 27 stack frames]]>
    </failure>
  </testcase> <!-- productdetails -->
  <testcase name="comparearray" time="0.001" classname="autodemo.tests.comparearraystest">
    <failure type="java.lang.NullPointerException">
      <![CDATA[java.lang.NullPointerException
at autodemo.tests.comparearraystest.comparearray(comparearraystest.java:16)
at java.util.ArrayList.forEach(Unknown Source)
... Removed 27 stack frames]]>
    </failure>
  </testcase> <!-- comparearray -->
  <testcase name="@BeforeTest setUp" time="0.0" classname="autodemo.base.BaseTest">
    <ignored/>
  </testcase> <!-- @BeforeTest setUp -->
  <testcase name="@BeforeTest setUp" time="0.0" classname="autodemo.base.BaseTest">
    <ignored/>
  </testcase> <!-- @BeforeTest setUp -->
  <testcase name="@BeforeTest setUp" time="0.0" classname="autodemo.base.BaseTest">
    <ignored/>
  </testcase> <!-- @BeforeTest setUp -->
  <testcase name="@BeforeTest setUp" time="0.0" classname="autodemo.base.BaseTest">
    <ignored/>
  </testcase> <!-- @BeforeTest setUp -->
  <testcase name="@BeforeTest setUp" time="0.0" classname="autodemo.base.BaseTest">
    <ignored/>
  </testcase> <!-- @BeforeTest setUp -->
  <testcase name="@BeforeTest setUp" time="0.0" classname="autodemo.base.BaseTest">
    <ignored/>
  </testcase> <!-- @BeforeTest setUp -->
</testsuite> <!-- Test -->
